<?xml version="1.0" encoding="UTF-8"?>
<!-- Generated by org.testng.reporters.JUnitReportReporter -->
<testsuite hostname="Bharath" failures="0" tests="4" name="com.creatio.crm.api.tests.ApiTest" time="4.525" errors="0" timestamp="2025-03-03T22:20:26 IST" skipped="0">
  <testcase classname="com.creatio.crm.api.tests.ApiTest" name="verifyCreateRepositoryRequestWithValidUser" time="2.955"/>
  <system-out/>
  <testcase classname="com.creatio.crm.api.tests.ApiTest" name="verifyUpdateRepositoryRequestWithValidUser" time="0.652"/>
  <system-out/>
  <testcase classname="com.creatio.crm.api.tests.ApiTest" name="verifyGetRepositoryRequestWithValidUser" time="0.400"/>
  <system-out/>
  <testcase classname="com.creatio.crm.api.tests.ApiTest" name="verifyDeleteRepositoryRequestWithValidUser" time="0.518"/>
  <system-out/>
</testsuite> <!-- com.creatio.crm.api.tests.ApiTest -->
